<?xml version="1.0" encoding="UTF-8"?>
<!-- Generated by org.testng.reporters.JUnitXMLReporter -->
<testsuite ignored="0" hostname="ucreate73" failures="1" tests="1" name="VerifyLoginScenarios" time="2.023" errors="0" timestamp="13 Dec 2018 11:47:14 GMT">
  <testcase classname="com.TestCases.VerifyLoginScenarios" name="@AfterClass tearDown" time="2.001">
    <failure type="java.lang.NullPointerException">
      <![CDATA[java.lang.NullPointerException
at com.TestCases.VerifyLoginScenarios.tearDown(VerifyLoginScenarios.java:44)
... Removed 29 stack frames]]>
    </failure>
  </testcase> <!-- @AfterClass tearDown -->
  <testcase classname="com.TestCases.VerifyLoginScenarios" name="loginScenarios" time="0.001">
    <failure type="java.lang.IllegalStateException" message="The driver executable does not exist: /usr/bin/chromedriver">
      <![CDATA[java.lang.IllegalStateException: The driver executable does not exist: /usr/bin/chromedriver
at com.google.common.base.Preconditions.checkState(Preconditions.java:588)
at org.openqa.selenium.remote.service.DriverService.checkExecutable(DriverService.java:136)
at org.openqa.selenium.remote.service.DriverService.findExecutable(DriverService.java:131)
at org.openqa.selenium.chrome.ChromeDriverService.access$000(ChromeDriverService.java:33)
at org.openqa.selenium.chrome.ChromeDriverService$Builder.findDefaultExecutable(ChromeDriverService.java:139)
at org.openqa.selenium.remote.service.DriverService$Builder.build(DriverService.java:335)
at org.openqa.selenium.chrome.ChromeDriverService.createDefaultService(ChromeDriverService.java:89)
at org.openqa.selenium.chrome.ChromeDriver.<init>(ChromeDriver.java:123)
at utility.BrowserFactory.startBrowser(BrowserFactory.java:22)
at com.TestCases.VerifyLoginScenarios.loginScenarios(VerifyLoginScenarios.java:17)
... Removed 28 stack frames]]>
    </failure>
  </testcase> <!-- loginScenarios -->
</testsuite> <!-- VerifyLoginScenarios -->
