<!DOCTYPE html>

<html>
  <head>
  <meta charset='utf-8'>
  <title>TestNG reports</title>

    <link type="text/css" href="testng-reports.css" rel="stylesheet" />
    <script type="text/javascript" src="jquery-1.7.1.min.js"></script>
    <script type="text/javascript" src="testng-reports.js"></script>
    <script type="text/javascript" src="https://www.google.com/jsapi"></script>
    <script type='text/javascript'>
      google.load('visualization', '1', {packages:['table']});
      google.setOnLoadCallback(drawTable);
      var suiteTableInitFunctions = new Array();
      var suiteTableData = new Array();
    </script>
    <!--
      <script type="text/javascript" src="jquery-ui/js/jquery-ui-1.8.16.custom.min.js"></script>
     -->
  </head>

  <body>
    <div class="top-banner-root">
      <span class="top-banner-title-font">Test results</span>
      <br/>
      <span class="top-banner-font-1">1 suite, 7 failed tests</span>
    </div> <!-- top-banner-root -->
    <div class="navigator-root">
      <div class="navigator-suite-header">
        <span>All suites</span>
        <a href="#" title="Collapse/expand all the suites" class="collapse-all-link">
          <img src="collapseall.gif" class="collapse-all-icon">
          </img> <!-- collapse-all-icon -->
        </a> <!-- collapse-all-link -->
      </div> <!-- navigator-suite-header -->
      <div class="suite">
        <div class="rounded-window">
          <div class="suite-header light-rounded-window-top">
            <a href="#" panel-name="suite-Workflow_UBREW" class="navigator-link">
              <span class="suite-name border-failed">Workflow UBREW</span>
            </a> <!-- navigator-link -->
          </div> <!-- suite-header light-rounded-window-top -->
          <div class="navigator-suite-content">
            <div class="suite-section-title">
              <span>Info</span>
            </div> <!-- suite-section-title -->
            <div class="suite-section-content">
              <ul>
                <li>
                  <a href="#" panel-name="test-xml-Workflow_UBREW" class="navigator-link ">
                    <span>NewFile.xml</span>
                  </a> <!-- navigator-link  -->
                </li>
                <li>
                  <a href="#" panel-name="testlist-Workflow_UBREW" class="navigator-link ">
                    <span class="test-stats">8 tests</span>
                  </a> <!-- navigator-link  -->
                </li>
                <li>
                  <a href="#" panel-name="group-Workflow_UBREW" class="navigator-link ">
                    <span>0 groups</span>
                  </a> <!-- navigator-link  -->
                </li>
                <li>
                  <a href="#" panel-name="times-Workflow_UBREW" class="navigator-link ">
                    <span>Times</span>
                  </a> <!-- navigator-link  -->
                </li>
                <li>
                  <a href="#" panel-name="reporter-Workflow_UBREW" class="navigator-link ">
                    <span>Reporter output</span>
                  </a> <!-- navigator-link  -->
                </li>
                <li>
                  <a href="#" panel-name="ignored-methods-Workflow_UBREW" class="navigator-link ">
                    <span>Ignored methods</span>
                  </a> <!-- navigator-link  -->
                </li>
                <li>
                  <a href="#" panel-name="chronological-Workflow_UBREW" class="navigator-link ">
                    <span>Chronological view</span>
                  </a> <!-- navigator-link  -->
                </li>
              </ul>
            </div> <!-- suite-section-content -->
            <div class="result-section">
              <div class="suite-section-title">
                <span>Results</span>
              </div> <!-- suite-section-title -->
              <div class="suite-section-content">
                <ul>
                  <li>
                    <span class="method-stats">16 methods, 7 failed,   9 passed</span>
                  </li>
                  <li>
                    <span class="method-list-title failed">Failed methods</span>
                    <span class="show-or-hide-methods failed">
                      <a href="#" panel-name="suite-Workflow_UBREW" class="hide-methods failed suite-Workflow_UBREW"> (hide)</a> <!-- hide-methods failed suite-Workflow_UBREW -->
                      <a href="#" panel-name="suite-Workflow_UBREW" class="show-methods failed suite-Workflow_UBREW"> (show)</a> <!-- show-methods failed suite-Workflow_UBREW -->
                    </span>
                    <div class="method-list-content failed suite-Workflow_UBREW">
                      <span>
                        <img src="failed.png" width="3%"/>
                        <a href="#" panel-name="suite-Workflow_UBREW" title="com.TestCases.VerifyEditSupplierProfile" class="method navigator-link" hash-for-method="EditSupplierPage">EditSupplierPage</a> <!-- method navigator-link -->
                      </span>
                      <br/>
                      <span>
                        <img src="failed.png" width="3%"/>
                        <a href="#" panel-name="suite-Workflow_UBREW" title="com.TestCases.VerifyRecipeTotalCostFromSupplier" class="method navigator-link" hash-for-method="RecipeTotalCostSupplier">RecipeTotalCostSupplier</a> <!-- method navigator-link -->
                      </span>
                      <br/>
                      <span>
                        <img src="failed.png" width="3%"/>
                        <a href="#" panel-name="suite-Workflow_UBREW" title="com.TestCases.VerifyCreateQuoteFromSupplier" class="method navigator-link" hash-for-method="createQuotebySupplier">createQuotebySupplier</a> <!-- method navigator-link -->
                      </span>
                      <br/>
                      <span>
                        <img src="failed.png" width="3%"/>
                        <a href="#" panel-name="suite-Workflow_UBREW" title="com.TestCases.VerifyCreateRecipeFromBuyer" class="method navigator-link" hash-for-method="createRecipebyBuyer">createRecipebyBuyer</a> <!-- method navigator-link -->
                      </span>
                      <br/>
                      <span>
                        <img src="failed.png" width="3%"/>
                        <a href="#" panel-name="suite-Workflow_UBREW" title="com.TestCases.VerifyFinalizeQuoteBuyer" class="method navigator-link" hash-for-method="createRecipebyBuyer">createRecipebyBuyer</a> <!-- method navigator-link -->
                      </span>
                      <br/>
                      <span>
                        <img src="failed.png" width="3%"/>
                        <a href="#" panel-name="suite-Workflow_UBREW" title="com.TestCases.VerifyCreateTenderfromBuyer" class="method navigator-link" hash-for-method="createTenderbyBuyer">createTenderbyBuyer</a> <!-- method navigator-link -->
                      </span>
                      <br/>
                      <span>
                        <img src="failed.png" width="3%"/>
                        <a href="#" panel-name="suite-Workflow_UBREW" title="com.TestCases.VerifyLoginScenarios" class="method navigator-link" hash-for-method="loginScenarios">loginScenarios</a> <!-- method navigator-link -->
                      </span>
                      <br/>
                    </div> <!-- method-list-content failed suite-Workflow_UBREW -->
                  </li>
                  <li>
                    <span class="method-list-title passed">Passed methods</span>
                    <span class="show-or-hide-methods passed">
                      <a href="#" panel-name="suite-Workflow_UBREW" class="hide-methods passed suite-Workflow_UBREW"> (hide)</a> <!-- hide-methods passed suite-Workflow_UBREW -->
                      <a href="#" panel-name="suite-Workflow_UBREW" class="show-methods passed suite-Workflow_UBREW"> (show)</a> <!-- show-methods passed suite-Workflow_UBREW -->
                    </span>
                    <div class="method-list-content passed suite-Workflow_UBREW">
                      <span>
                        <img src="passed.png" width="3%"/>
                        <a href="#" panel-name="suite-Workflow_UBREW" title="UITesting.HomePageUI" class="method navigator-link" hash-for-method="getCssValue_TextColor_contract">getCssValue_TextColor_contract</a> <!-- method navigator-link -->
                      </span>
                      <br/>
                      <span>
                        <img src="passed.png" width="3%"/>
                        <a href="#" panel-name="suite-Workflow_UBREW" title="UITesting.HomePageUI" class="method navigator-link" hash-for-method="getCssValue_TextColor_findsupplier">getCssValue_TextColor_findsupplier</a> <!-- method navigator-link -->
                      </span>
                      <br/>
                      <span>
                        <img src="passed.png" width="3%"/>
                        <a href="#" panel-name="suite-Workflow_UBREW" title="UITesting.HomePageUI" class="method navigator-link" hash-for-method="getCssValue_TextColor_haveyour">getCssValue_TextColor_haveyour</a> <!-- method navigator-link -->
                      </span>
                      <br/>
                      <span>
                        <img src="passed.png" width="3%"/>
                        <a href="#" panel-name="suite-Workflow_UBREW" title="UITesting.HomePageUI" class="method navigator-link" hash-for-method="getCssValue_TextFontSize_contract">getCssValue_TextFontSize_contract</a> <!-- method navigator-link -->
                      </span>
                      <br/>
                      <span>
                        <img src="passed.png" width="3%"/>
                        <a href="#" panel-name="suite-Workflow_UBREW" title="UITesting.HomePageUI" class="method navigator-link" hash-for-method="getCssValue_TextFontSize_findsupplier">getCssValue_TextFontSize_findsupplier</a> <!-- method navigator-link -->
                      </span>
                      <br/>
                      <span>
                        <img src="passed.png" width="3%"/>
                        <a href="#" panel-name="suite-Workflow_UBREW" title="UITesting.HomePageUI" class="method navigator-link" hash-for-method="getCssValue_TextFontSize_haveyour">getCssValue_TextFontSize_haveyour</a> <!-- method navigator-link -->
                      </span>
                      <br/>
                      <span>
                        <img src="passed.png" width="3%"/>
                        <a href="#" panel-name="suite-Workflow_UBREW" title="UITesting.HomePageUI" class="method navigator-link" hash-for-method="getCssValue__TextFontFamily_contract">getCssValue__TextFontFamily_contract</a> <!-- method navigator-link -->
                      </span>
                      <br/>
                      <span>
                        <img src="passed.png" width="3%"/>
                        <a href="#" panel-name="suite-Workflow_UBREW" title="UITesting.HomePageUI" class="method navigator-link" hash-for-method="getCssValue__TextFontFamily_findsupplier">getCssValue__TextFontFamily_findsupplier</a> <!-- method navigator-link -->
                      </span>
                      <br/>
                      <span>
                        <img src="passed.png" width="3%"/>
                        <a href="#" panel-name="suite-Workflow_UBREW" title="UITesting.HomePageUI" class="method navigator-link" hash-for-method="getCssValue__TextFontFamily_haveyour">getCssValue__TextFontFamily_haveyour</a> <!-- method navigator-link -->
                      </span>
                      <br/>
                    </div> <!-- method-list-content passed suite-Workflow_UBREW -->
                  </li>
                </ul>
              </div> <!-- suite-section-content -->
            </div> <!-- result-section -->
          </div> <!-- navigator-suite-content -->
        </div> <!-- rounded-window -->
      </div> <!-- suite -->
    </div> <!-- navigator-root -->
    <div class="wrapper">
      <div class="main-panel-root">
        <div panel-name="suite-Workflow_UBREW" class="panel Workflow_UBREW">
          <div class="suite-Workflow_UBREW-class-failed">
            <div class="main-panel-header rounded-window-top">
              <img src="failed.png"/>
              <span class="class-name">com.TestCases.VerifyCreateTenderfromBuyer</span>
            </div> <!-- main-panel-header rounded-window-top -->
            <div class="main-panel-content rounded-window-bottom">
              <div class="method">
                <div class="method-content">
                  <a name="createTenderbyBuyer">
                  </a> <!-- createTenderbyBuyer -->
                  <span class="method-name">createTenderbyBuyer</span>
                  <div class="stack-trace">org.openqa.selenium.NoSuchElementException: no such element: Unable to locate element: {&quot;method&quot;:&quot;xpath&quot;,&quot;selector&quot;:&quot;//*[@id=&quot;tender_volume&quot;]/form/div[1]/div/div[2]/div[8]/section/div[1]/div/div[1]/div/div/input&quot;}
  (Session info: chrome=70.0.3538.77)
  (Driver info: chromedriver=2.41.578700 (2f1ed5f9343c13f73144538f15c00b370eda6706),platform=Linux 4.15.0-42-generic x86_64) (WARNING: The server did not provide any stacktrace information)
Command duration or timeout: 0 milliseconds
For documentation on this error, please visit: http://seleniumhq.org/exceptions/no_such_element.html
Build info: version: &apos;3.12.0&apos;, revision: &apos;7c6e0b3&apos;, time: &apos;2018-05-08T14:04:26.12Z&apos;
System info: host: &apos;ucreate73&apos;, ip: &apos;127.0.1.1&apos;, os.name: &apos;Linux&apos;, os.arch: &apos;amd64&apos;, os.version: &apos;4.15.0-42-generic&apos;, java.version: &apos;10.0.2&apos;
Driver info: org.openqa.selenium.chrome.ChromeDriver
Capabilities {acceptInsecureCerts: false, acceptSslCerts: false, applicationCacheEnabled: false, browserConnectionEnabled: false, browserName: chrome, chrome: {chromedriverVersion: 2.41.578700 (2f1ed5f9343c13..., userDataDir: /tmp/.org.chromium.Chromium...}, cssSelectorsEnabled: true, databaseEnabled: false, goog:chromeOptions: {debuggerAddress: localhost:36379}, handlesAlerts: true, hasTouchScreen: false, javascriptEnabled: true, locationContextEnabled: true, mobileEmulationEnabled: false, nativeEvents: true, networkConnectionEnabled: false, pageLoadStrategy: normal, platform: LINUX, platformName: LINUX, rotatable: false, setWindowRect: true, takesHeapSnapshot: true, takesScreenshot: true, unexpectedAlertBehaviour: , unhandledPromptBehavior: , version: 70.0.3538.77, webStorageEnabled: true}
Session ID: bf3de1bc34b909bab59a497a8a3bf699
*** Element info: {Using=xpath, value=//*[@id=&quot;tender_volume&quot;]/form/div[1]/div/div[2]/div[8]/section/div[1]/div/div[1]/div/div/input}
	at org.openqa.selenium.remote.ErrorHandler.createThrowable(ErrorHandler.java:214)
	at org.openqa.selenium.remote.ErrorHandler.throwIfResponseFailed(ErrorHandler.java:166)
	at org.openqa.selenium.remote.http.JsonHttpResponseCodec.reconstructValue(JsonHttpResponseCodec.java:40)
	at org.openqa.selenium.remote.http.AbstractHttpResponseCodec.decode(AbstractHttpResponseCodec.java:80)
	at org.openqa.selenium.remote.http.AbstractHttpResponseCodec.decode(AbstractHttpResponseCodec.java:44)
	at org.openqa.selenium.remote.HttpCommandExecutor.execute(HttpCommandExecutor.java:158)
	at org.openqa.selenium.remote.service.DriverCommandExecutor.execute(DriverCommandExecutor.java:83)
	at org.openqa.selenium.remote.RemoteWebDriver.execute(RemoteWebDriver.java:543)
	at org.openqa.selenium.remote.RemoteWebDriver.findElement(RemoteWebDriver.java:317)
	at org.openqa.selenium.remote.RemoteWebDriver.findElementByXPath(RemoteWebDriver.java:419)
	at org.openqa.selenium.By$ByXPath.findElement(By.java:353)
	at org.openqa.selenium.remote.RemoteWebDriver.findElement(RemoteWebDriver.java:309)
	at org.openqa.selenium.support.pagefactory.DefaultElementLocator.findElement(DefaultElementLocator.java:69)
	at org.openqa.selenium.support.pagefactory.internal.LocatingElementHandler.invoke(LocatingElementHandler.java:38)
	at com.sun.proxy.$Proxy9.isDisplayed(Unknown Source)
	at com.pages.CreateTenderfromBuyerPage.volume_ales(CreateTenderfromBuyerPage.java:289)
	at com.TestCases.VerifyCreateTenderfromBuyer.createTenderbyBuyer(VerifyCreateTenderfromBuyer.java:65)
... Removed 32 stack frames
</div> <!-- stack-trace -->
                </div> <!-- method-content -->
              </div> <!-- method -->
            </div> <!-- main-panel-content rounded-window-bottom -->
          </div> <!-- suite-Workflow_UBREW-class-failed -->
          <div class="suite-Workflow_UBREW-class-failed">
            <div class="main-panel-header rounded-window-top">
              <img src="failed.png"/>
              <span class="class-name">com.TestCases.VerifyEditSupplierProfile</span>
            </div> <!-- main-panel-header rounded-window-top -->
            <div class="main-panel-content rounded-window-bottom">
              <div class="method">
                <div class="method-content">
                  <a name="EditSupplierPage">
                  </a> <!-- EditSupplierPage -->
                  <span class="method-name">EditSupplierPage</span>
                  <div class="stack-trace">org.openqa.selenium.NoSuchElementException: no such element: Unable to locate element: {&quot;method&quot;:&quot;xpath&quot;,&quot;selector&quot;:&quot;//*[@id=&quot;app&quot;]/div/div[2]/div[2]/div/div[4]/div[1]/div[1]/div/button&quot;}
  (Session info: chrome=70.0.3538.77)
  (Driver info: chromedriver=2.41.578700 (2f1ed5f9343c13f73144538f15c00b370eda6706),platform=Linux 4.15.0-42-generic x86_64) (WARNING: The server did not provide any stacktrace information)
Command duration or timeout: 0 milliseconds
For documentation on this error, please visit: http://seleniumhq.org/exceptions/no_such_element.html
Build info: version: &apos;3.12.0&apos;, revision: &apos;7c6e0b3&apos;, time: &apos;2018-05-08T14:04:26.12Z&apos;
System info: host: &apos;ucreate73&apos;, ip: &apos;127.0.1.1&apos;, os.name: &apos;Linux&apos;, os.arch: &apos;amd64&apos;, os.version: &apos;4.15.0-42-generic&apos;, java.version: &apos;10.0.2&apos;
Driver info: org.openqa.selenium.chrome.ChromeDriver
Capabilities {acceptInsecureCerts: false, acceptSslCerts: false, applicationCacheEnabled: false, browserConnectionEnabled: false, browserName: chrome, chrome: {chromedriverVersion: 2.41.578700 (2f1ed5f9343c13..., userDataDir: /tmp/.org.chromium.Chromium...}, cssSelectorsEnabled: true, databaseEnabled: false, goog:chromeOptions: {debuggerAddress: localhost:32779}, handlesAlerts: true, hasTouchScreen: false, javascriptEnabled: true, locationContextEnabled: true, mobileEmulationEnabled: false, nativeEvents: true, networkConnectionEnabled: false, pageLoadStrategy: normal, platform: LINUX, platformName: LINUX, rotatable: false, setWindowRect: true, takesHeapSnapshot: true, takesScreenshot: true, unexpectedAlertBehaviour: , unhandledPromptBehavior: , version: 70.0.3538.77, webStorageEnabled: true}
Session ID: 40c8a93dca714f2c7cf9fd0fb3b7a40e
*** Element info: {Using=xpath, value=//*[@id=&quot;app&quot;]/div/div[2]/div[2]/div/div[4]/div[1]/div[1]/div/button}
	at org.openqa.selenium.remote.ErrorHandler.createThrowable(ErrorHandler.java:214)
	at org.openqa.selenium.remote.ErrorHandler.throwIfResponseFailed(ErrorHandler.java:166)
	at org.openqa.selenium.remote.http.JsonHttpResponseCodec.reconstructValue(JsonHttpResponseCodec.java:40)
	at org.openqa.selenium.remote.http.AbstractHttpResponseCodec.decode(AbstractHttpResponseCodec.java:80)
	at org.openqa.selenium.remote.http.AbstractHttpResponseCodec.decode(AbstractHttpResponseCodec.java:44)
	at org.openqa.selenium.remote.HttpCommandExecutor.execute(HttpCommandExecutor.java:158)
	at org.openqa.selenium.remote.service.DriverCommandExecutor.execute(DriverCommandExecutor.java:83)
	at org.openqa.selenium.remote.RemoteWebDriver.execute(RemoteWebDriver.java:543)
	at org.openqa.selenium.remote.RemoteWebDriver.findElement(RemoteWebDriver.java:317)
	at org.openqa.selenium.remote.RemoteWebDriver.findElementByXPath(RemoteWebDriver.java:419)
	at org.openqa.selenium.By$ByXPath.findElement(By.java:353)
	at org.openqa.selenium.remote.RemoteWebDriver.findElement(RemoteWebDriver.java:309)
	at org.openqa.selenium.support.pagefactory.DefaultElementLocator.findElement(DefaultElementLocator.java:69)
	at org.openqa.selenium.support.pagefactory.internal.LocatingElementHandler.invoke(LocatingElementHandler.java:38)
	at com.sun.proxy.$Proxy9.click(Unknown Source)
	at com.pages.CreateEditSupplierPage.EditStandard(CreateEditSupplierPage.java:48)
	at com.TestCases.VerifyEditSupplierProfile.EditSupplierPage(VerifyEditSupplierProfile.java:44)
... Removed 32 stack frames
</div> <!-- stack-trace -->
                </div> <!-- method-content -->
              </div> <!-- method -->
            </div> <!-- main-panel-content rounded-window-bottom -->
          </div> <!-- suite-Workflow_UBREW-class-failed -->
          <div class="suite-Workflow_UBREW-class-failed">
            <div class="main-panel-header rounded-window-top">
              <img src="failed.png"/>
              <span class="class-name">com.TestCases.VerifyFinalizeQuoteBuyer</span>
            </div> <!-- main-panel-header rounded-window-top -->
            <div class="main-panel-content rounded-window-bottom">
              <div class="method">
                <div class="method-content">
                  <a name="createRecipebyBuyer">
                  </a> <!-- createRecipebyBuyer -->
                  <span class="method-name">createRecipebyBuyer</span>
                  <div class="stack-trace">org.openqa.selenium.NoSuchElementException: no such element: Unable to locate element: {&quot;method&quot;:&quot;xpath&quot;,&quot;selector&quot;:&quot;//*[@id=&quot;finalCosts&quot;]&quot;}
  (Session info: chrome=70.0.3538.77)
  (Driver info: chromedriver=2.41.578700 (2f1ed5f9343c13f73144538f15c00b370eda6706),platform=Linux 4.15.0-42-generic x86_64) (WARNING: The server did not provide any stacktrace information)
Command duration or timeout: 0 milliseconds
For documentation on this error, please visit: http://seleniumhq.org/exceptions/no_such_element.html
Build info: version: &apos;3.12.0&apos;, revision: &apos;7c6e0b3&apos;, time: &apos;2018-05-08T14:04:26.12Z&apos;
System info: host: &apos;ucreate73&apos;, ip: &apos;127.0.1.1&apos;, os.name: &apos;Linux&apos;, os.arch: &apos;amd64&apos;, os.version: &apos;4.15.0-42-generic&apos;, java.version: &apos;10.0.2&apos;
Driver info: org.openqa.selenium.chrome.ChromeDriver
Capabilities {acceptInsecureCerts: false, acceptSslCerts: false, applicationCacheEnabled: false, browserConnectionEnabled: false, browserName: chrome, chrome: {chromedriverVersion: 2.41.578700 (2f1ed5f9343c13..., userDataDir: /tmp/.org.chromium.Chromium...}, cssSelectorsEnabled: true, databaseEnabled: false, goog:chromeOptions: {debuggerAddress: localhost:43459}, handlesAlerts: true, hasTouchScreen: false, javascriptEnabled: true, locationContextEnabled: true, mobileEmulationEnabled: false, nativeEvents: true, networkConnectionEnabled: false, pageLoadStrategy: normal, platform: LINUX, platformName: LINUX, rotatable: false, setWindowRect: true, takesHeapSnapshot: true, takesScreenshot: true, unexpectedAlertBehaviour: , unhandledPromptBehavior: , version: 70.0.3538.77, webStorageEnabled: true}
Session ID: 83e3c648fb347a2bd7861e471e822e34
*** Element info: {Using=xpath, value=//*[@id=&quot;finalCosts&quot;]}
	at org.openqa.selenium.remote.ErrorHandler.createThrowable(ErrorHandler.java:214)
	at org.openqa.selenium.remote.ErrorHandler.throwIfResponseFailed(ErrorHandler.java:166)
	at org.openqa.selenium.remote.http.JsonHttpResponseCodec.reconstructValue(JsonHttpResponseCodec.java:40)
	at org.openqa.selenium.remote.http.AbstractHttpResponseCodec.decode(AbstractHttpResponseCodec.java:80)
	at org.openqa.selenium.remote.http.AbstractHttpResponseCodec.decode(AbstractHttpResponseCodec.java:44)
	at org.openqa.selenium.remote.HttpCommandExecutor.execute(HttpCommandExecutor.java:158)
	at org.openqa.selenium.remote.service.DriverCommandExecutor.execute(DriverCommandExecutor.java:83)
	at org.openqa.selenium.remote.RemoteWebDriver.execute(RemoteWebDriver.java:543)
	at org.openqa.selenium.remote.RemoteWebDriver.findElement(RemoteWebDriver.java:317)
	at org.openqa.selenium.remote.RemoteWebDriver.findElementByXPath(RemoteWebDriver.java:419)
	at org.openqa.selenium.By$ByXPath.findElement(By.java:353)
	at org.openqa.selenium.remote.RemoteWebDriver.findElement(RemoteWebDriver.java:309)
	at org.openqa.selenium.support.pagefactory.DefaultElementLocator.findElement(DefaultElementLocator.java:69)
	at org.openqa.selenium.support.pagefactory.internal.LocatingElementHandler.invoke(LocatingElementHandler.java:38)
	at com.sun.proxy.$Proxy9.click(Unknown Source)
	at com.pages.CreateFinalizeQuoteBuyerPage.TermsAndConditions(CreateFinalizeQuoteBuyerPage.java:34)
	at com.TestCases.VerifyFinalizeQuoteBuyer.createRecipebyBuyer(VerifyFinalizeQuoteBuyer.java:44)
... Removed 32 stack frames
</div> <!-- stack-trace -->
                </div> <!-- method-content -->
              </div> <!-- method -->
            </div> <!-- main-panel-content rounded-window-bottom -->
          </div> <!-- suite-Workflow_UBREW-class-failed -->
          <div class="suite-Workflow_UBREW-class-failed">
            <div class="main-panel-header rounded-window-top">
              <img src="failed.png"/>
              <span class="class-name">com.TestCases.VerifyCreateQuoteFromSupplier</span>
            </div> <!-- main-panel-header rounded-window-top -->
            <div class="main-panel-content rounded-window-bottom">
              <div class="method">
                <div class="method-content">
                  <a name="createQuotebySupplier">
                  </a> <!-- createQuotebySupplier -->
                  <span class="method-name">createQuotebySupplier</span>
                  <div class="stack-trace">org.openqa.selenium.NoSuchElementException: no such element: Unable to locate element: {&quot;method&quot;:&quot;css selector&quot;,&quot;selector&quot;:&quot;#app &gt; div &gt; div.route-wrap &gt; div &gt; div.dashboardWrap &gt; div &gt; div.rightPanel &gt; div.rightPanel_content &gt; div &gt; div:nth-child(3) &gt; div.btnrow.nobdr.btnrowfixed &gt; a.receivedtender-btn.btn.btn-green-bdr.accept-requirements&quot;}
  (Session info: chrome=70.0.3538.77)
  (Driver info: chromedriver=2.41.578700 (2f1ed5f9343c13f73144538f15c00b370eda6706),platform=Linux 4.15.0-42-generic x86_64) (WARNING: The server did not provide any stacktrace information)
Command duration or timeout: 0 milliseconds
For documentation on this error, please visit: http://seleniumhq.org/exceptions/no_such_element.html
Build info: version: &apos;3.12.0&apos;, revision: &apos;7c6e0b3&apos;, time: &apos;2018-05-08T14:04:26.12Z&apos;
System info: host: &apos;ucreate73&apos;, ip: &apos;127.0.1.1&apos;, os.name: &apos;Linux&apos;, os.arch: &apos;amd64&apos;, os.version: &apos;4.15.0-42-generic&apos;, java.version: &apos;10.0.2&apos;
Driver info: org.openqa.selenium.chrome.ChromeDriver
Capabilities {acceptInsecureCerts: false, acceptSslCerts: false, applicationCacheEnabled: false, browserConnectionEnabled: false, browserName: chrome, chrome: {chromedriverVersion: 2.41.578700 (2f1ed5f9343c13..., userDataDir: /tmp/.org.chromium.Chromium...}, cssSelectorsEnabled: true, databaseEnabled: false, goog:chromeOptions: {debuggerAddress: localhost:41543}, handlesAlerts: true, hasTouchScreen: false, javascriptEnabled: true, locationContextEnabled: true, mobileEmulationEnabled: false, nativeEvents: true, networkConnectionEnabled: false, pageLoadStrategy: normal, platform: LINUX, platformName: LINUX, rotatable: false, setWindowRect: true, takesHeapSnapshot: true, takesScreenshot: true, unexpectedAlertBehaviour: , unhandledPromptBehavior: , version: 70.0.3538.77, webStorageEnabled: true}
Session ID: 532c6e1e3cbc24f1ec69fd4a6483c410
*** Element info: {Using=css selector, value=#app &gt; div &gt; div.route-wrap &gt; div &gt; div.dashboardWrap &gt; div &gt; div.rightPanel &gt; div.rightPanel_content &gt; div &gt; div:nth-child(3) &gt; div.btnrow.nobdr.btnrowfixed &gt; a.receivedtender-btn.btn.btn-green-bdr.accept-requirements}
	at org.openqa.selenium.remote.ErrorHandler.createThrowable(ErrorHandler.java:214)
	at org.openqa.selenium.remote.ErrorHandler.throwIfResponseFailed(ErrorHandler.java:166)
	at org.openqa.selenium.remote.http.JsonHttpResponseCodec.reconstructValue(JsonHttpResponseCodec.java:40)
	at org.openqa.selenium.remote.http.AbstractHttpResponseCodec.decode(AbstractHttpResponseCodec.java:80)
	at org.openqa.selenium.remote.http.AbstractHttpResponseCodec.decode(AbstractHttpResponseCodec.java:44)
	at org.openqa.selenium.remote.HttpCommandExecutor.execute(HttpCommandExecutor.java:158)
	at org.openqa.selenium.remote.service.DriverCommandExecutor.execute(DriverCommandExecutor.java:83)
	at org.openqa.selenium.remote.RemoteWebDriver.execute(RemoteWebDriver.java:543)
	at org.openqa.selenium.remote.RemoteWebDriver.findElement(RemoteWebDriver.java:317)
	at org.openqa.selenium.remote.RemoteWebDriver.findElementByCssSelector(RemoteWebDriver.java:411)
	at org.openqa.selenium.By$ByCssSelector.findElement(By.java:431)
	at org.openqa.selenium.remote.RemoteWebDriver.findElement(RemoteWebDriver.java:309)
	at org.openqa.selenium.support.pagefactory.DefaultElementLocator.findElement(DefaultElementLocator.java:69)
	at org.openqa.selenium.support.pagefactory.internal.LocatingElementHandler.invoke(LocatingElementHandler.java:38)
	at com.sun.proxy.$Proxy9.isDisplayed(Unknown Source)
	at com.pages.CreateQuoteSupplierPage.createquote_allrequirement(CreateQuoteSupplierPage.java:273)
	at com.TestCases.VerifyCreateQuoteFromSupplier.createQuotebySupplier(VerifyCreateQuoteFromSupplier.java:43)
... Removed 32 stack frames
</div> <!-- stack-trace -->
                </div> <!-- method-content -->
              </div> <!-- method -->
            </div> <!-- main-panel-content rounded-window-bottom -->
          </div> <!-- suite-Workflow_UBREW-class-failed -->
          <div class="suite-Workflow_UBREW-class-failed">
            <div class="main-panel-header rounded-window-top">
              <img src="failed.png"/>
              <span class="class-name">com.TestCases.VerifyCreateRecipeFromBuyer</span>
            </div> <!-- main-panel-header rounded-window-top -->
            <div class="main-panel-content rounded-window-bottom">
              <div class="method">
                <div class="method-content">
                  <a name="createRecipebyBuyer">
                  </a> <!-- createRecipebyBuyer -->
                  <span class="method-name">createRecipebyBuyer</span>
                  <div class="stack-trace">org.openqa.selenium.NoSuchElementException: no such element: Unable to locate element: {&quot;method&quot;:&quot;xpath&quot;,&quot;selector&quot;:&quot;//*[@id=&quot;app&quot;]/div/div[2]/div/div[2]/div/div[2]/div[2]/div/div[2]/div[3]/div[19]/input[2]&quot;}
  (Session info: chrome=70.0.3538.77)
  (Driver info: chromedriver=2.41.578700 (2f1ed5f9343c13f73144538f15c00b370eda6706),platform=Linux 4.15.0-42-generic x86_64) (WARNING: The server did not provide any stacktrace information)
Command duration or timeout: 0 milliseconds
For documentation on this error, please visit: http://seleniumhq.org/exceptions/no_such_element.html
Build info: version: &apos;3.12.0&apos;, revision: &apos;7c6e0b3&apos;, time: &apos;2018-05-08T14:04:26.12Z&apos;
System info: host: &apos;ucreate73&apos;, ip: &apos;127.0.1.1&apos;, os.name: &apos;Linux&apos;, os.arch: &apos;amd64&apos;, os.version: &apos;4.15.0-42-generic&apos;, java.version: &apos;10.0.2&apos;
Driver info: org.openqa.selenium.chrome.ChromeDriver
Capabilities {acceptInsecureCerts: false, acceptSslCerts: false, applicationCacheEnabled: false, browserConnectionEnabled: false, browserName: chrome, chrome: {chromedriverVersion: 2.41.578700 (2f1ed5f9343c13..., userDataDir: /tmp/.org.chromium.Chromium...}, cssSelectorsEnabled: true, databaseEnabled: false, goog:chromeOptions: {debuggerAddress: localhost:33167}, handlesAlerts: true, hasTouchScreen: false, javascriptEnabled: true, locationContextEnabled: true, mobileEmulationEnabled: false, nativeEvents: true, networkConnectionEnabled: false, pageLoadStrategy: normal, platform: LINUX, platformName: LINUX, rotatable: false, setWindowRect: true, takesHeapSnapshot: true, takesScreenshot: true, unexpectedAlertBehaviour: , unhandledPromptBehavior: , version: 70.0.3538.77, webStorageEnabled: true}
Session ID: 5d9b70f2a675f3803b491f6ee04e7fba
*** Element info: {Using=xpath, value=//*[@id=&quot;app&quot;]/div/div[2]/div/div[2]/div/div[2]/div[2]/div/div[2]/div[3]/div[19]/input[2]}
	at org.openqa.selenium.remote.ErrorHandler.createThrowable(ErrorHandler.java:214)
	at org.openqa.selenium.remote.ErrorHandler.throwIfResponseFailed(ErrorHandler.java:166)
	at org.openqa.selenium.remote.http.JsonHttpResponseCodec.reconstructValue(JsonHttpResponseCodec.java:40)
	at org.openqa.selenium.remote.http.AbstractHttpResponseCodec.decode(AbstractHttpResponseCodec.java:80)
	at org.openqa.selenium.remote.http.AbstractHttpResponseCodec.decode(AbstractHttpResponseCodec.java:44)
	at org.openqa.selenium.remote.HttpCommandExecutor.execute(HttpCommandExecutor.java:158)
	at org.openqa.selenium.remote.service.DriverCommandExecutor.execute(DriverCommandExecutor.java:83)
	at org.openqa.selenium.remote.RemoteWebDriver.execute(RemoteWebDriver.java:543)
	at org.openqa.selenium.remote.RemoteWebDriver.findElement(RemoteWebDriver.java:317)
	at org.openqa.selenium.remote.RemoteWebDriver.findElementByXPath(RemoteWebDriver.java:419)
	at org.openqa.selenium.By$ByXPath.findElement(By.java:353)
	at org.openqa.selenium.remote.RemoteWebDriver.findElement(RemoteWebDriver.java:309)
	at org.openqa.selenium.support.pagefactory.DefaultElementLocator.findElement(DefaultElementLocator.java:69)
	at org.openqa.selenium.support.pagefactory.internal.LocatingElementHandler.invoke(LocatingElementHandler.java:38)
	at com.sun.proxy.$Proxy9.click(Unknown Source)
	at com.pages.CreateProvideRecipeBuyerPage.approveAndProvideRecipe(CreateProvideRecipeBuyerPage.java:33)
	at com.TestCases.VerifyCreateRecipeFromBuyer.createRecipebyBuyer(VerifyCreateRecipeFromBuyer.java:45)
... Removed 32 stack frames
</div> <!-- stack-trace -->
                </div> <!-- method-content -->
              </div> <!-- method -->
            </div> <!-- main-panel-content rounded-window-bottom -->
          </div> <!-- suite-Workflow_UBREW-class-failed -->
          <div class="suite-Workflow_UBREW-class-failed">
            <div class="main-panel-header rounded-window-top">
              <img src="failed.png"/>
              <span class="class-name">com.TestCases.VerifyRecipeTotalCostFromSupplier</span>
            </div> <!-- main-panel-header rounded-window-top -->
            <div class="main-panel-content rounded-window-bottom">
              <div class="method">
                <div class="method-content">
                  <a name="RecipeTotalCostSupplier">
                  </a> <!-- RecipeTotalCostSupplier -->
                  <span class="method-name">RecipeTotalCostSupplier</span>
                  <div class="stack-trace">org.openqa.selenium.NoSuchElementException: no such element: Unable to locate element: {&quot;method&quot;:&quot;xpath&quot;,&quot;selector&quot;:&quot;//*[@id=&quot;app&quot;]/div/div[2]/div/div[2]/div/div[2]/div[2]/div/div[3]/div[3]/div[3]/div/div&quot;}
  (Session info: chrome=70.0.3538.77)
  (Driver info: chromedriver=2.41.578700 (2f1ed5f9343c13f73144538f15c00b370eda6706),platform=Linux 4.15.0-42-generic x86_64) (WARNING: The server did not provide any stacktrace information)
Command duration or timeout: 0 milliseconds
For documentation on this error, please visit: http://seleniumhq.org/exceptions/no_such_element.html
Build info: version: &apos;3.12.0&apos;, revision: &apos;7c6e0b3&apos;, time: &apos;2018-05-08T14:04:26.12Z&apos;
System info: host: &apos;ucreate73&apos;, ip: &apos;127.0.1.1&apos;, os.name: &apos;Linux&apos;, os.arch: &apos;amd64&apos;, os.version: &apos;4.15.0-42-generic&apos;, java.version: &apos;10.0.2&apos;
Driver info: org.openqa.selenium.chrome.ChromeDriver
Capabilities {acceptInsecureCerts: false, acceptSslCerts: false, applicationCacheEnabled: false, browserConnectionEnabled: false, browserName: chrome, chrome: {chromedriverVersion: 2.41.578700 (2f1ed5f9343c13..., userDataDir: /tmp/.org.chromium.Chromium...}, cssSelectorsEnabled: true, databaseEnabled: false, goog:chromeOptions: {debuggerAddress: localhost:41329}, handlesAlerts: true, hasTouchScreen: false, javascriptEnabled: true, locationContextEnabled: true, mobileEmulationEnabled: false, nativeEvents: true, networkConnectionEnabled: false, pageLoadStrategy: normal, platform: LINUX, platformName: LINUX, rotatable: false, setWindowRect: true, takesHeapSnapshot: true, takesScreenshot: true, unexpectedAlertBehaviour: , unhandledPromptBehavior: , version: 70.0.3538.77, webStorageEnabled: true}
Session ID: 1759a4d877fc6026cf8b957901a25ecf
*** Element info: {Using=xpath, value=//*[@id=&quot;app&quot;]/div/div[2]/div/div[2]/div/div[2]/div[2]/div/div[3]/div[3]/div[3]/div/div}
	at org.openqa.selenium.remote.ErrorHandler.createThrowable(ErrorHandler.java:214)
	at org.openqa.selenium.remote.ErrorHandler.throwIfResponseFailed(ErrorHandler.java:166)
	at org.openqa.selenium.remote.http.JsonHttpResponseCodec.reconstructValue(JsonHttpResponseCodec.java:40)
	at org.openqa.selenium.remote.http.AbstractHttpResponseCodec.decode(AbstractHttpResponseCodec.java:80)
	at org.openqa.selenium.remote.http.AbstractHttpResponseCodec.decode(AbstractHttpResponseCodec.java:44)
	at org.openqa.selenium.remote.HttpCommandExecutor.execute(HttpCommandExecutor.java:158)
	at org.openqa.selenium.remote.service.DriverCommandExecutor.execute(DriverCommandExecutor.java:83)
	at org.openqa.selenium.remote.RemoteWebDriver.execute(RemoteWebDriver.java:543)
	at org.openqa.selenium.remote.RemoteWebDriver.findElement(RemoteWebDriver.java:317)
	at org.openqa.selenium.remote.RemoteWebDriver.findElementByXPath(RemoteWebDriver.java:419)
	at org.openqa.selenium.By$ByXPath.findElement(By.java:353)
	at org.openqa.selenium.remote.RemoteWebDriver.findElement(RemoteWebDriver.java:309)
	at org.openqa.selenium.support.pagefactory.DefaultElementLocator.findElement(DefaultElementLocator.java:69)
	at org.openqa.selenium.support.pagefactory.internal.LocatingElementHandler.invoke(LocatingElementHandler.java:38)
	at com.sun.proxy.$Proxy9.getText(Unknown Source)
	at com.pages.CreateRecipeFinalCostSupplierPage.TotalCost(CreateRecipeFinalCostSupplierPage.java:31)
	at com.TestCases.VerifyRecipeTotalCostFromSupplier.RecipeTotalCostSupplier(VerifyRecipeTotalCostFromSupplier.java:50)
... Removed 32 stack frames
</div> <!-- stack-trace -->
                </div> <!-- method-content -->
              </div> <!-- method -->
            </div> <!-- main-panel-content rounded-window-bottom -->
          </div> <!-- suite-Workflow_UBREW-class-failed -->
          <div class="suite-Workflow_UBREW-class-failed">
            <div class="main-panel-header rounded-window-top">
              <img src="failed.png"/>
              <span class="class-name">com.TestCases.VerifyLoginScenarios</span>
            </div> <!-- main-panel-header rounded-window-top -->
            <div class="main-panel-content rounded-window-bottom">
              <div class="method">
                <div class="method-content">
                  <a name="loginScenarios">
                  </a> <!-- loginScenarios -->
                  <span class="method-name">loginScenarios</span>
                  <div class="stack-trace">java.lang.AssertionError: expected [] but found [Please enter email address]
	at com.pages.CreateLoginscenarios.VerifyRequiredEmailValidation(CreateLoginscenarios.java:70)
	at com.TestCases.VerifyLoginScenarios.loginScenarios(VerifyLoginScenarios.java:29)
... Removed 34 stack frames
</div> <!-- stack-trace -->
                </div> <!-- method-content -->
              </div> <!-- method -->
            </div> <!-- main-panel-content rounded-window-bottom -->
          </div> <!-- suite-Workflow_UBREW-class-failed -->
          <div class="suite-Workflow_UBREW-class-passed">
            <div class="main-panel-header rounded-window-top">
              <img src="passed.png"/>
              <span class="class-name">UITesting.HomePageUI</span>
            </div> <!-- main-panel-header rounded-window-top -->
            <div class="main-panel-content rounded-window-bottom">
              <div class="method">
                <div class="method-content">
                  <a name="getCssValue_TextColor_contract">
                  </a> <!-- getCssValue_TextColor_contract -->
                  <span class="method-name">getCssValue_TextColor_contract</span>
                </div> <!-- method-content -->
              </div> <!-- method -->
              <div class="method">
                <div class="method-content">
                  <a name="getCssValue_TextColor_findsupplier">
                  </a> <!-- getCssValue_TextColor_findsupplier -->
                  <span class="method-name">getCssValue_TextColor_findsupplier</span>
                </div> <!-- method-content -->
              </div> <!-- method -->
              <div class="method">
                <div class="method-content">
                  <a name="getCssValue_TextColor_haveyour">
                  </a> <!-- getCssValue_TextColor_haveyour -->
                  <span class="method-name">getCssValue_TextColor_haveyour</span>
                </div> <!-- method-content -->
              </div> <!-- method -->
              <div class="method">
                <div class="method-content">
                  <a name="getCssValue_TextFontSize_contract">
                  </a> <!-- getCssValue_TextFontSize_contract -->
                  <span class="method-name">getCssValue_TextFontSize_contract</span>
                </div> <!-- method-content -->
              </div> <!-- method -->
              <div class="method">
                <div class="method-content">
                  <a name="getCssValue_TextFontSize_findsupplier">
                  </a> <!-- getCssValue_TextFontSize_findsupplier -->
                  <span class="method-name">getCssValue_TextFontSize_findsupplier</span>
                </div> <!-- method-content -->
              </div> <!-- method -->
              <div class="method">
                <div class="method-content">
                  <a name="getCssValue_TextFontSize_haveyour">
                  </a> <!-- getCssValue_TextFontSize_haveyour -->
                  <span class="method-name">getCssValue_TextFontSize_haveyour</span>
                </div> <!-- method-content -->
              </div> <!-- method -->
              <div class="method">
                <div class="method-content">
                  <a name="getCssValue__TextFontFamily_contract">
                  </a> <!-- getCssValue__TextFontFamily_contract -->
                  <span class="method-name">getCssValue__TextFontFamily_contract</span>
                </div> <!-- method-content -->
              </div> <!-- method -->
              <div class="method">
                <div class="method-content">
                  <a name="getCssValue__TextFontFamily_findsupplier">
                  </a> <!-- getCssValue__TextFontFamily_findsupplier -->
                  <span class="method-name">getCssValue__TextFontFamily_findsupplier</span>
                </div> <!-- method-content -->
              </div> <!-- method -->
              <div class="method">
                <div class="method-content">
                  <a name="getCssValue__TextFontFamily_haveyour">
                  </a> <!-- getCssValue__TextFontFamily_haveyour -->
                  <span class="method-name">getCssValue__TextFontFamily_haveyour</span>
                </div> <!-- method-content -->
              </div> <!-- method -->
            </div> <!-- main-panel-content rounded-window-bottom -->
          </div> <!-- suite-Workflow_UBREW-class-passed -->
        </div> <!-- panel Workflow_UBREW -->
        <div panel-name="test-xml-Workflow_UBREW" class="panel">
          <div class="main-panel-header rounded-window-top">
            <span class="header-content">/home/ucreate-73/Documents/Brew/Brew/src/main/resources/NewFile.xml</span>
          </div> <!-- main-panel-header rounded-window-top -->
          <div class="main-panel-content rounded-window-bottom">
            <pre>
&lt;?xml version=&quot;1.0&quot; encoding=&quot;UTF-8&quot;?&gt;
&lt;!DOCTYPE suite SYSTEM &quot;http://testng.org/testng-1.0.dtd&quot;&gt;
&lt;suite name=&quot;Workflow UBREW&quot; guice-stage=&quot;DEVELOPMENT&quot; verbose=&quot;0&quot;&gt;
  &lt;listeners&gt;
    &lt;listener class-name=&quot;org.uncommons.reportng.HTMLReporter&quot;/&gt;
    &lt;listener class-name=&quot;org.uncommons.reportng.JUnitXMLReporter&quot;/&gt;
  &lt;/listeners&gt;
  &lt;test thread-count=&quot;5&quot; name=&quot;VerifyCreateTender&quot; verbose=&quot;0&quot;&gt;
    &lt;classes&gt;
      &lt;class name=&quot;com.TestCases.VerifyCreateTenderfromBuyer&quot;/&gt;
    &lt;/classes&gt;
  &lt;/test&gt; &lt;!-- VerifyCreateTender --&gt;
  &lt;test thread-count=&quot;5&quot; name=&quot;VerifyCreateQuote&quot; verbose=&quot;0&quot;&gt;
    &lt;classes&gt;
      &lt;class name=&quot;com.TestCases.VerifyCreateQuoteFromSupplier&quot;/&gt;
    &lt;/classes&gt;
  &lt;/test&gt; &lt;!-- VerifyCreateQuote --&gt;
  &lt;test thread-count=&quot;5&quot; name=&quot;VerifyCreateRecipe&quot; verbose=&quot;0&quot;&gt;
    &lt;classes&gt;
      &lt;class name=&quot;com.TestCases.VerifyCreateRecipeFromBuyer&quot;/&gt;
    &lt;/classes&gt;
  &lt;/test&gt; &lt;!-- VerifyCreateRecipe --&gt;
  &lt;test thread-count=&quot;5&quot; name=&quot;VerifyCreateRecipeFinalCost&quot; verbose=&quot;0&quot;&gt;
    &lt;classes&gt;
      &lt;class name=&quot;com.TestCases.VerifyRecipeTotalCostFromSupplier&quot;/&gt;
    &lt;/classes&gt;
  &lt;/test&gt; &lt;!-- VerifyCreateRecipeFinalCost --&gt;
  &lt;test thread-count=&quot;5&quot; name=&quot;VerifyFinalizeQuoteBuyer&quot; verbose=&quot;0&quot;&gt;
    &lt;classes&gt;
      &lt;class name=&quot;com.TestCases.VerifyFinalizeQuoteBuyer&quot;/&gt;
    &lt;/classes&gt;
  &lt;/test&gt; &lt;!-- VerifyFinalizeQuoteBuyer --&gt;
  &lt;test thread-count=&quot;5&quot; name=&quot;VerifyEditSupplierProfile&quot; verbose=&quot;0&quot;&gt;
    &lt;classes&gt;
      &lt;class name=&quot;com.TestCases.VerifyEditSupplierProfile&quot;/&gt;
    &lt;/classes&gt;
  &lt;/test&gt; &lt;!-- VerifyEditSupplierProfile --&gt;
  &lt;test thread-count=&quot;5&quot; name=&quot;VerifyHomepageUI&quot; verbose=&quot;0&quot;&gt;
    &lt;classes&gt;
      &lt;class name=&quot;UITesting.HomePageUI&quot;/&gt;
    &lt;/classes&gt;
  &lt;/test&gt; &lt;!-- VerifyHomepageUI --&gt;
  &lt;test thread-count=&quot;5&quot; name=&quot;VerifyLoginScenarios&quot; verbose=&quot;0&quot;&gt;
    &lt;classes&gt;
      &lt;class name=&quot;com.TestCases.VerifyLoginScenarios&quot;/&gt;
    &lt;/classes&gt;
  &lt;/test&gt; &lt;!-- VerifyLoginScenarios --&gt;
&lt;/suite&gt; &lt;!-- Workflow UBREW --&gt;
            </pre>
          </div> <!-- main-panel-content rounded-window-bottom -->
        </div> <!-- panel -->
        <div panel-name="testlist-Workflow_UBREW" class="panel">
          <div class="main-panel-header rounded-window-top">
            <span class="header-content">Tests for Workflow UBREW</span>
          </div> <!-- main-panel-header rounded-window-top -->
          <div class="main-panel-content rounded-window-bottom">
            <ul>
              <li>
                <span class="test-name">VerifyCreateTender (1 class)</span>
              </li>
              <li>
                <span class="test-name">VerifyCreateQuote (1 class)</span>
              </li>
              <li>
                <span class="test-name">VerifyCreateRecipe (1 class)</span>
              </li>
              <li>
                <span class="test-name">VerifyCreateRecipeFinalCost (1 class)</span>
              </li>
              <li>
                <span class="test-name">VerifyFinalizeQuoteBuyer (1 class)</span>
              </li>
              <li>
                <span class="test-name">VerifyEditSupplierProfile (1 class)</span>
              </li>
              <li>
                <span class="test-name">VerifyHomepageUI (1 class)</span>
              </li>
              <li>
                <span class="test-name">VerifyLoginScenarios (1 class)</span>
              </li>
            </ul>
          </div> <!-- main-panel-content rounded-window-bottom -->
        </div> <!-- panel -->
        <div panel-name="group-Workflow_UBREW" class="panel">
          <div class="main-panel-header rounded-window-top">
            <span class="header-content">Groups for Workflow UBREW</span>
          </div> <!-- main-panel-header rounded-window-top -->
          <div class="main-panel-content rounded-window-bottom">
          </div> <!-- main-panel-content rounded-window-bottom -->
        </div> <!-- panel -->
        <div panel-name="times-Workflow_UBREW" class="panel">
          <div class="main-panel-header rounded-window-top">
            <span class="header-content">Times for Workflow UBREW</span>
          </div> <!-- main-panel-header rounded-window-top -->
          <div class="main-panel-content rounded-window-bottom">
            <div class="times-div">
              <script type="text/javascript">
suiteTableInitFunctions.push('tableData_Workflow_UBREW');
function tableData_Workflow_UBREW() {
var data = new google.visualization.DataTable();
data.addColumn('number', 'Number');
data.addColumn('string', 'Method');
data.addColumn('string', 'Class');
data.addColumn('number', 'Time (ms)');
data.addRows(16);
data.setCell(0, 0, 0)
data.setCell(0, 1, 'createTenderbyBuyer')
data.setCell(0, 2, 'com.TestCases.VerifyCreateTenderfromBuyer')
data.setCell(0, 3, 60686);
data.setCell(1, 0, 1)
data.setCell(1, 1, 'createRecipebyBuyer')
data.setCell(1, 2, 'com.TestCases.VerifyCreateRecipeFromBuyer')
data.setCell(1, 3, 39547);
data.setCell(2, 0, 2)
data.setCell(2, 1, 'EditSupplierPage')
data.setCell(2, 2, 'com.TestCases.VerifyEditSupplierProfile')
data.setCell(2, 3, 38069);
data.setCell(3, 0, 3)
data.setCell(3, 1, 'createQuotebySupplier')
data.setCell(3, 2, 'com.TestCases.VerifyCreateQuoteFromSupplier')
data.setCell(3, 3, 26529);
data.setCell(4, 0, 4)
data.setCell(4, 1, 'RecipeTotalCostSupplier')
data.setCell(4, 2, 'com.TestCases.VerifyRecipeTotalCostFromSupplier')
data.setCell(4, 3, 20537);
data.setCell(5, 0, 5)
data.setCell(5, 1, 'createRecipebyBuyer')
data.setCell(5, 2, 'com.TestCases.VerifyFinalizeQuoteBuyer')
data.setCell(5, 3, 19798);
data.setCell(6, 0, 6)
data.setCell(6, 1, 'loginScenarios')
data.setCell(6, 2, 'com.TestCases.VerifyLoginScenarios')
data.setCell(6, 3, 16370);
data.setCell(7, 0, 7)
data.setCell(7, 1, 'getCssValue__TextFontFamily_contract')
data.setCell(7, 2, 'UITesting.HomePageUI')
data.setCell(7, 3, 51);
data.setCell(8, 0, 8)
data.setCell(8, 1, 'getCssValue_TextFontSize_findsupplier')
data.setCell(8, 2, 'UITesting.HomePageUI')
data.setCell(8, 3, 46);
data.setCell(9, 0, 9)
data.setCell(9, 1, 'getCssValue_TextFontSize_haveyour')
data.setCell(9, 2, 'UITesting.HomePageUI')
data.setCell(9, 3, 46);
data.setCell(10, 0, 10)
data.setCell(10, 1, 'getCssValue_TextFontSize_contract')
data.setCell(10, 2, 'UITesting.HomePageUI')
data.setCell(10, 3, 41);
data.setCell(11, 0, 11)
data.setCell(11, 1, 'getCssValue_TextColor_contract')
data.setCell(11, 2, 'UITesting.HomePageUI')
data.setCell(11, 3, 39);
data.setCell(12, 0, 12)
data.setCell(12, 1, 'getCssValue_TextColor_haveyour')
data.setCell(12, 2, 'UITesting.HomePageUI')
data.setCell(12, 3, 37);
data.setCell(13, 0, 13)
data.setCell(13, 1, 'getCssValue__TextFontFamily_haveyour')
data.setCell(13, 2, 'UITesting.HomePageUI')
data.setCell(13, 3, 35);
data.setCell(14, 0, 14)
data.setCell(14, 1, 'getCssValue_TextColor_findsupplier')
data.setCell(14, 2, 'UITesting.HomePageUI')
data.setCell(14, 3, 33);
data.setCell(15, 0, 15)
data.setCell(15, 1, 'getCssValue__TextFontFamily_findsupplier')
data.setCell(15, 2, 'UITesting.HomePageUI')
data.setCell(15, 3, 33);
window.suiteTableData['Workflow_UBREW']= { tableData: data, tableDiv: 'times-div-Workflow_UBREW'}
return data;
}
              </script>
              <span class="suite-total-time">Total running time: 3 minutes</span>
              <div id="times-div-Workflow_UBREW">
              </div> <!-- times-div-Workflow_UBREW -->
            </div> <!-- times-div -->
          </div> <!-- main-panel-content rounded-window-bottom -->
        </div> <!-- panel -->
        <div panel-name="reporter-Workflow_UBREW" class="panel">
          <div class="main-panel-header rounded-window-top">
            <span class="header-content">Reporter output for Workflow UBREW</span>
          </div> <!-- main-panel-header rounded-window-top -->
          <div class="main-panel-content rounded-window-bottom">
            <div class="reporter-method-div">
              <span class="reporter-method-name">createTenderbyBuyer</span>
              <div class="reporter-method-output-div">
                <span class="reporter-method-output">Browser launched</span>
                <span class="reporter-method-output">Login form opened</span>
                <span class="reporter-method-output">Buyer logged in to brewbroker</span>
                <span class="reporter-method-output">Step one tender details are filled</span>
                <span class="reporter-method-output">Buyer moved to step two create tender</span>
              </div> <!-- reporter-method-output-div -->
            </div> <!-- reporter-method-div -->
            <div class="reporter-method-div">
              <span class="reporter-method-name">createQuotebySupplier</span>
              <div class="reporter-method-output-div">
                <span class="reporter-method-output">Supplier member logged in to account</span>
                <span class="reporter-method-output">Supplier member moved to dashboard page</span>
              </div> <!-- reporter-method-output-div -->
            </div> <!-- reporter-method-div -->
            <div class="reporter-method-div">
              <span class="reporter-method-name">createRecipebyBuyer</span>
              <div class="reporter-method-output-div">
                <span class="reporter-method-output">Buyer logged in to his account to create recipe</span>
              </div> <!-- reporter-method-output-div -->
            </div> <!-- reporter-method-div -->
            <div class="reporter-method-div">
              <span class="reporter-method-name">RecipeTotalCostSupplier</span>
              <div class="reporter-method-output-div">
                <span class="reporter-method-output">Supplier logged in to review recipe</span>
                <span class="reporter-method-output">Supplier moved to dashboard</span>
                <span class="reporter-method-output">Supplier added ingredients cost</span>
              </div> <!-- reporter-method-output-div -->
            </div> <!-- reporter-method-div -->
            <div class="reporter-method-div">
              <span class="reporter-method-name">createRecipebyBuyer</span>
              <div class="reporter-method-output-div">
                <span class="reporter-method-output">Buyer logged in to his account</span>
              </div> <!-- reporter-method-output-div -->
            </div> <!-- reporter-method-div -->
            <div class="reporter-method-div">
              <span class="reporter-method-name">EditSupplierPage</span>
              <div class="reporter-method-output-div">
                <span class="reporter-method-output">Supplier logged in to his account</span>
                <span class="reporter-method-output">Supplier profile summary edited</span>
              </div> <!-- reporter-method-output-div -->
            </div> <!-- reporter-method-div -->
          </div> <!-- main-panel-content rounded-window-bottom -->
        </div> <!-- panel -->
        <div panel-name="ignored-methods-Workflow_UBREW" class="panel">
          <div class="main-panel-header rounded-window-top">
            <span class="header-content">0 ignored methods</span>
          </div> <!-- main-panel-header rounded-window-top -->
          <div class="main-panel-content rounded-window-bottom">
          </div> <!-- main-panel-content rounded-window-bottom -->
        </div> <!-- panel -->
        <div panel-name="chronological-Workflow_UBREW" class="panel">
          <div class="main-panel-header rounded-window-top">
            <span class="header-content">Methods in chronological order</span>
          </div> <!-- main-panel-header rounded-window-top -->
          <div class="main-panel-content rounded-window-bottom">
            <div class="chronological-class">
              <div class="chronological-class-name">com.TestCases.VerifyCreateTenderfromBuyer</div> <!-- chronological-class-name -->
              <div class="test-method">
                <img src="failed.png">
                </img>
                <span class="method-name">createTenderbyBuyer</span>
                <span class="method-start">0 ms</span>
              </div> <!-- test-method -->
              <div class="configuration-class after">
                <span class="method-name">teardown</span>
                <span class="method-start">60716 ms</span>
              </div> <!-- configuration-class after -->
            </div> <!-- chronological-class -->
            <div class="chronological-class">
              <div class="chronological-class-name">com.TestCases.VerifyCreateQuoteFromSupplier</div> <!-- chronological-class-name -->
              <div class="test-method">
                <img src="failed.png">
                </img>
                <span class="method-name">createQuotebySupplier</span>
                <span class="method-start">65852 ms</span>
              </div> <!-- test-method -->
              <div class="configuration-class after">
                <span class="method-name">teardown</span>
                <span class="method-start">92383 ms</span>
              </div> <!-- configuration-class after -->
            </div> <!-- chronological-class -->
            <div class="chronological-class">
              <div class="chronological-class-name">com.TestCases.VerifyCreateRecipeFromBuyer</div> <!-- chronological-class-name -->
              <div class="test-method">
                <img src="failed.png">
                </img>
                <span class="method-name">createRecipebyBuyer</span>
                <span class="method-start">97487 ms</span>
              </div> <!-- test-method -->
              <div class="configuration-class after">
                <span class="method-name">teardown</span>
                <span class="method-start">137036 ms</span>
              </div> <!-- configuration-class after -->
            </div> <!-- chronological-class -->
            <div class="chronological-class">
              <div class="chronological-class-name">com.TestCases.VerifyRecipeTotalCostFromSupplier</div> <!-- chronological-class-name -->
              <div class="test-method">
                <img src="failed.png">
                </img>
                <span class="method-name">RecipeTotalCostSupplier</span>
                <span class="method-start">142122 ms</span>
              </div> <!-- test-method -->
              <div class="configuration-class after">
                <span class="method-name">teardown</span>
                <span class="method-start">162660 ms</span>
              </div> <!-- configuration-class after -->
            </div> <!-- chronological-class -->
            <div class="chronological-class">
              <div class="chronological-class-name">com.TestCases.VerifyFinalizeQuoteBuyer</div> <!-- chronological-class-name -->
              <div class="test-method">
                <img src="failed.png">
                </img>
                <span class="method-name">createRecipebyBuyer</span>
                <span class="method-start">167754 ms</span>
              </div> <!-- test-method -->
              <div class="configuration-class after">
                <span class="method-name">teardown</span>
                <span class="method-start">187554 ms</span>
              </div> <!-- configuration-class after -->
            </div> <!-- chronological-class -->
            <div class="chronological-class">
              <div class="chronological-class-name">com.TestCases.VerifyEditSupplierProfile</div> <!-- chronological-class-name -->
              <div class="test-method">
                <img src="failed.png">
                </img>
                <span class="method-name">EditSupplierPage</span>
                <span class="method-start">192643 ms</span>
              </div> <!-- test-method -->
              <div class="configuration-class after">
                <span class="method-name">teardown</span>
                <span class="method-start">230713 ms</span>
              </div> <!-- configuration-class after -->
            </div> <!-- chronological-class -->
            <div class="chronological-class">
              <div class="chronological-class-name">UITesting.HomePageUI</div> <!-- chronological-class-name -->
              <div class="configuration-class before">
                <span class="method-name">launchBrowser</span>
                <span class="method-start">235804 ms</span>
              </div> <!-- configuration-class before -->
              <div class="test-method">
                <span class="method-name">getCssValue_TextFontSize_haveyour</span>
                <span class="method-start">261650 ms</span>
              </div> <!-- test-method -->
              <div class="test-method">
                <span class="method-name">getCssValue__TextFontFamily_haveyour</span>
                <span class="method-start">261697 ms</span>
              </div> <!-- test-method -->
              <div class="test-method">
                <span class="method-name">getCssValue_TextColor_haveyour</span>
                <span class="method-start">261733 ms</span>
              </div> <!-- test-method -->
              <div class="test-method">
                <span class="method-name">getCssValue_TextFontSize_findsupplier</span>
                <span class="method-start">261771 ms</span>
              </div> <!-- test-method -->
              <div class="test-method">
                <span class="method-name">getCssValue__TextFontFamily_findsupplier</span>
                <span class="method-start">261818 ms</span>
              </div> <!-- test-method -->
              <div class="test-method">
                <span class="method-name">getCssValue_TextColor_findsupplier</span>
                <span class="method-start">261851 ms</span>
              </div> <!-- test-method -->
              <div class="test-method">
                <span class="method-name">getCssValue_TextFontSize_contract</span>
                <span class="method-start">261885 ms</span>
              </div> <!-- test-method -->
              <div class="test-method">
                <span class="method-name">getCssValue__TextFontFamily_contract</span>
                <span class="method-start">261927 ms</span>
              </div> <!-- test-method -->
              <div class="test-method">
                <span class="method-name">getCssValue_TextColor_contract</span>
                <span class="method-start">261978 ms</span>
              </div> <!-- test-method -->
            </div> <!-- chronological-class -->
            <div class="chronological-class">
              <div class="chronological-class-name">com.TestCases.VerifyLoginScenarios</div> <!-- chronological-class-name -->
              <div class="test-method">
                <img src="failed.png">
                </img>
                <span class="method-name">loginScenarios</span>
                <span class="method-start">262022 ms</span>
              </div> <!-- test-method -->
              <div class="configuration-class after">
                <span class="method-name">tearDown</span>
                <span class="method-start">278392 ms</span>
              </div> <!-- configuration-class after -->
          </div> <!-- main-panel-content rounded-window-bottom -->
        </div> <!-- panel -->
      </div> <!-- main-panel-root -->
    </div> <!-- wrapper -->
  </body>
</html>
